0 info it worked if it ends with ok
1 verbose cli [ '/usr/bin/node', '/usr/bin/npm', 'run', 'dev' ]
2 info using npm@3.5.2
3 info using node@v8.10.0
4 verbose run-script [ 'predev', 'dev', 'postdev' ]
5 info lifecycle holismo_backend@1.1.0~predev: holismo_backend@1.1.0
6 silly lifecycle holismo_backend@1.1.0~predev: no script for predev, continuing
7 info lifecycle holismo_backend@1.1.0~dev: holismo_backend@1.1.0
8 verbose lifecycle holismo_backend@1.1.0~dev: unsafe-perm in lifecycle true
9 verbose lifecycle holismo_backend@1.1.0~dev: PATH: /usr/share/npm/bin/node-gyp-bin:/mnt/c/Users/Nicholas Fernandes/Source/Full-Stack/Projects/Dagora/holism-backend/node_modules/.bin:/home/nicholas/.local/bin:/usr/bin:/usr/local/sbin:/usr/local/bin:/usr/sbin:/usr/bin:/sbin:/bin:/usr/games:/usr/local/games:/mnt/c/Program Files/WindowsApps/CanonicalGroupLimited.UbuntuonWindows_1804.2018.817.0_x64__79rhkp1fndgsc:/mnt/c/Program Files (x86)/Common Files/Intel/Shared Libraries/redist/intel64/compiler:/mnt/c/Program Files (x86)/Intel/Intel(R) Management Engine Components/iCLS:/mnt/c/Program Files/Intel/Intel(R) Management Engine Components/iCLS:/mnt/c/Windows/System32:/mnt/c/Windows:/mnt/c/Windows/System32/wbem:/mnt/c/Windows/System32/WindowsPowerShell/v1.0:/mnt/c/Windows/System32/OpenSSH:/mnt/c/Program Files (x86)/Intel/Intel(R) Management Engine Components/DAL:/mnt/c/Program Files/Intel/Intel(R) Management Engine Components/DAL:/mnt/c/Program Files (x86)/Intel/Intel(R) Management Engine Components/IPT:/mnt/c/Program Files/Intel/Intel(R) Management Engine Components/IPT:/mnt/c/Program Files/nodejs:/mnt/c/Program Files/Git/cmd:/mnt/c/PHP7:/mnt/c/Program Files/Intel/WiFi/bin:/mnt/c/Program Files/Common Files/Intel/WirelessCommon:/mnt/c/Program Files/PuTTY:/mnt/c/Program Files (x86)/Yarn/bin:/mnt/c/ProgramData/chocolatey/bin:/mnt/c/HashiCorp/Vagrant/bin:/mnt/c/Program Files (x86)/Nmap:/mnt/c/Python3:/mnt/c/Python27:/mnt/c/Python3/Scripts:/mnt/c/Python27/Scripts:/mnt/c/Program Files/heroku/bin:/mnt/c/Users/Nicholas Fernandes/AppData/Local/Programs/Microsoft VS Code/bin:/mnt/c/Program Files/Docker Toolbox:/mnt/c/Users/Nicholas Fernandes/Source/Tools/mongodb-win32-x86_64-2008plus-ssl-4.0.9/bin:/snap/bin:/usr/local/bin
10 verbose lifecycle holismo_backend@1.1.0~dev: CWD: /mnt/c/Users/Nicholas Fernandes/Source/Full-Stack/Projects/Dagora/holism-backend
11 silly lifecycle holismo_backend@1.1.0~dev: Args: [ '-c', 'cross-env NODE_ENV=dev npm t' ]
12 silly lifecycle holismo_backend@1.1.0~dev: Returned: code: 1  signal: null
13 info lifecycle holismo_backend@1.1.0~dev: Failed to exec dev script
14 verbose stack Error: holismo_backend@1.1.0 dev: `cross-env NODE_ENV=dev npm t`
14 verbose stack Exit status 1
14 verbose stack     at EventEmitter.<anonymous> (/usr/share/npm/lib/utils/lifecycle.js:232:16)
14 verbose stack     at emitTwo (events.js:126:13)
14 verbose stack     at EventEmitter.emit (events.js:214:7)
14 verbose stack     at ChildProcess.<anonymous> (/usr/share/npm/lib/utils/spawn.js:24:14)
14 verbose stack     at emitTwo (events.js:126:13)
14 verbose stack     at ChildProcess.emit (events.js:214:7)
14 verbose stack     at maybeClose (internal/child_process.js:925:16)
14 verbose stack     at Process.ChildProcess._handle.onexit (internal/child_process.js:209:5)
15 verbose pkgid holismo_backend@1.1.0
16 verbose cwd /mnt/c/Users/Nicholas Fernandes/Source/Full-Stack/Projects/Dagora/holism-backend
17 error Linux 4.4.0-17134-Microsoft
18 error argv "/usr/bin/node" "/usr/bin/npm" "run" "dev"
19 error node v8.10.0
20 error npm  v3.5.2
21 error code ELIFECYCLE
22 error holismo_backend@1.1.0 dev: `cross-env NODE_ENV=dev npm t`
22 error Exit status 1
23 error Failed at the holismo_backend@1.1.0 dev script 'cross-env NODE_ENV=dev npm t'.
23 error Make sure you have the latest version of node.js and npm installed.
23 error If you do, this is most likely a problem with the holismo_backend package,
23 error not with npm itself.
23 error Tell the author that this fails on your system:
23 error     cross-env NODE_ENV=dev npm t
23 error You can get information on how to open an issue for this project with:
23 error     npm bugs holismo_backend
23 error Or if that isn't available, you can get their info via:
23 error     npm owner ls holismo_backend
23 error There is likely additional logging output above.
24 verbose exit [ 1, true ]
